Build started 9/13/2018 10:22:57 PM.
     1>Project "c:\Users\saad akhtar\documents\visual studio 2013\Projects\Saad_Rafay_lab2\Saad_Rafay_lab2\Saad_Rafay_lab2.vcxproj" on node 2 (Build target(s)).
     1>ClCompile:
         C:\Program Files (x86)\Microsoft Visual Studio 12.0\VC\bin\CL.exe /c /ZI /nologo /W3 /WX- /sdl /Od /Oy- /D WIN32 /D _DEBUG /D _WINDOWS /D _USRDLL /D SAAD_RAFAY_LAB2_EXPORTS /D _WINDLL /D _UNICODE /D UNICODE /Gm /EHsc /RTC1 /MDd /GS /fp:precise /Zc:wchar_t /Zc:forScope /Yc"stdafx.h" /Fp"Debug\Saad_Rafay_lab2.pch" /Fo"Debug\\" /Fd"Debug\vc120.pdb" /Gd /TP /analyze- /errorReport:prompt stdafx.cpp
         stdafx.cpp
         C:\Program Files (x86)\Microsoft Visual Studio 12.0\VC\bin\CL.exe /c /ZI /nologo /W3 /WX- /sdl /Od /Oy- /D WIN32 /D _DEBUG /D _WINDOWS /D _USRDLL /D SAAD_RAFAY_LAB2_EXPORTS /D _WINDLL /D _UNICODE /D UNICODE /Gm /EHsc /RTC1 /MDd /GS /fp:precise /Zc:wchar_t /Zc:forScope /Fo"Debug\\" /Fd"Debug\vc120.pdb" /Gd /TP /analyze- /errorReport:prompt dllmain.cpp
         dllmain.cpp
         C:\Program Files (x86)\Microsoft Visual Studio 12.0\VC\bin\CL.exe /c /ZI /nologo /W3 /WX- /sdl /Od /Oy- /D WIN32 /D _DEBUG /D _WINDOWS /D _USRDLL /D SAAD_RAFAY_LAB2_EXPORTS /D _WINDLL /D _UNICODE /D UNICODE /Gm /EHsc /RTC1 /MDd /GS /fp:precise /Zc:wchar_t /Zc:forScope /Yu"stdafx.h" /Fp"Debug\Saad_Rafay_lab2.pch" /Fo"Debug\\" /Fd"Debug\vc120.pdb" /Gd /TP /analyze- /errorReport:prompt Saad_Rafay_lab2.cpp
         Saad_Rafay_lab2.cpp
     1>c:\users\saad akhtar\documents\visual studio 2013\projects\saad_rafay_lab2\saad_rafay_lab2\saad_rafay_lab2.cpp(8): warning C4273: 'MatrixLibrary::Class1::Transpose' : inconsistent dll linkage
                 c:\users\saad akhtar\documents\visual studio 2013\projects\saad_rafay_lab2\saad_rafay_lab2\saad_rafay_lab2.h(19) : see previous definition of 'Transpose'
     1>c:\users\saad akhtar\documents\visual studio 2013\projects\saad_rafay_lab2\saad_rafay_lab2\saad_rafay_lab2.cpp(10): warning C4101: 'transpose' : unreferenced local variable
     1>c:\users\saad akhtar\documents\visual studio 2013\projects\saad_rafay_lab2\saad_rafay_lab2\saad_rafay_lab2.cpp(21): warning C4273: 'MatrixLibrary::Class1::Multiply' : inconsistent dll linkage
                 c:\users\saad akhtar\documents\visual studio 2013\projects\saad_rafay_lab2\saad_rafay_lab2\saad_rafay_lab2.h(20) : see previous definition of 'Multiply'
     1>c:\users\saad akhtar\documents\visual studio 2013\projects\saad_rafay_lab2\saad_rafay_lab2\saad_rafay_lab2.cpp(46): warning C4273: 'MatrixLibrary::Class1::Add' : inconsistent dll linkage
                 c:\users\saad akhtar\documents\visual studio 2013\projects\saad_rafay_lab2\saad_rafay_lab2\saad_rafay_lab2.h(18) : see previous definition of 'Add'
     1>c:\users\saad akhtar\documents\visual studio 2013\projects\saad_rafay_lab2\saad_rafay_lab2\saad_rafay_lab2.cpp(55): warning C4273: 'MatrixLibrary::Class1::Sub' : inconsistent dll linkage
                 c:\users\saad akhtar\documents\visual studio 2013\projects\saad_rafay_lab2\saad_rafay_lab2\saad_rafay_lab2.h(21) : see previous definition of 'Sub'
       Link:
         C:\Program Files (x86)\Microsoft Visual Studio 12.0\VC\bin\link.exe /ERRORREPORT:PROMPT /OUT:"c:\users\saad akhtar\documents\visual studio 2013\Projects\Saad_Rafay_lab2\Debug\Saad_Rafay_lab2.dll" /INCREMENTAL /NOLOGO kernel32.lib user32.lib gdi32.lib winspool.lib comdlg32.lib advapi32.lib shell32.lib ole32.lib oleaut32.lib uuid.lib odbc32.lib odbccp32.lib /MANIFEST /MANIFESTUAC:"level='asInvoker' uiAccess='false'" /manifest:embed /DEBUG /PDB:"c:\users\saad akhtar\documents\visual studio 2013\Projects\Saad_Rafay_lab2\Debug\Saad_Rafay_lab2.pdb" /SUBSYSTEM:WINDOWS /TLBID:1 /DYNAMICBASE /NXCOMPAT /IMPLIB:"c:\users\saad akhtar\documents\visual studio 2013\Projects\Saad_Rafay_lab2\Debug\Saad_Rafay_lab2.lib" /MACHINE:X86 /DLL Debug\dllmain.obj
         Debug\Saad_Rafay_lab2.obj
         Debug\stdafx.obj
            Creating library c:\users\saad akhtar\documents\visual studio 2013\Projects\Saad_Rafay_lab2\Debug\Saad_Rafay_lab2.lib and object c:\users\saad akhtar\documents\visual studio 2013\Projects\Saad_Rafay_lab2\Debug\Saad_Rafay_lab2.exp
         Saad_Rafay_lab2.vcxproj -> c:\users\saad akhtar\documents\visual studio 2013\Projects\Saad_Rafay_lab2\Debug\Saad_Rafay_lab2.dll
     1>Done Building Project "c:\Users\saad akhtar\documents\visual studio 2013\Projects\Saad_Rafay_lab2\Saad_Rafay_lab2\Saad_Rafay_lab2.vcxproj" (Build target(s)).

Build succeeded.

Time Elapsed 00:00:04.12
